<?xml version="1.0" encoding="UTF-8"?>
<beans xmlns="http://www.springframework.org/schema/beans"
       xmlns:context="http://www.springframework.org/schema/context"
       xmlns:mvc="http://www.springframework.org/schema/mvc"
       xmlns:xsi="http://www.w3.org/2001/XMLSchema-instance"
       xsi:schemaLocation="
        http://www.springframework.org/schema/beans
        http://www.springframework.org/schema/beans/spring-beans-4.0.xsd
        http://www.springframework.org/schema/context
        http://www.springframework.org/schema/context/spring-context-4.0.xsd
        http://www.springframework.org/schema/mvc
        http://www.springframework.org/schema/mvc/spring-mvc-4.0.xsd">

    <context:component-scan base-package="com.study.movieland">
        <context:exclude-filter type="annotation" expression="org.springframework.stereotype.Repository" />
    </context:component-scan>
    <mvc:annotation-driven/>

    <bean id="movieDao" class="org.mockito.Mockito" factory-method="mock">
        <constructor-arg value="com.study.movieland.dao.jdbc.JdbcMovieDao"/>
    </bean>

    <bean id="movieService" class="org.mockito.Mockito" factory-method="mock">
        <constructor-arg value="com.study.movieland.service.impl.DefaultMovieService"/>
    </bean>

</beans>